<?xml version="1.0" encoding="UTF-8"?>
<!-- Generated by org.testng.reporters.JUnitXMLReporter -->
<testsuite ignored="0" hostname="LAPTOP-LT7AEDLA" failures="0" tests="2" name="Surefire test" time="0.098" errors="0" timestamp="2021-07-03T13:13:22 IST">
  <testcase classname="rahushettyacademy.com.maven_selenium_java.SeleniumTest" name="Browserautomation" time="0.01"/>
  <testcase classname="rahushettyacademy.com.maven_selenium_java.SeleniumTest" name="ElementsUi" time="0.0"/>
</testsuite> <!-- Surefire test -->
