<?xml version="1.0" encoding="UTF-8"?>
<!-- Generated by org.testng.reporters.JUnitXMLReporter -->
<testsuite ignored="0" hostname="LAPTOP-LT7AEDLA" failures="0" tests="6" name="Default test" time="0.117" errors="0" timestamp="2021-06-26T14:02:41 IST">
  <testcase classname="rahushettyacademy.com.maven_selenium_java.SeleniumTest" name="Browserautomation" time="0.014"/>
  <testcase classname="rahushettyacademy.com.maven_selenium_java.SeleniumTest" name="ElementsUi" time="0.002"/>
  <testcase classname="rahushettyacademy.com.maven_selenium_java.RestApiTest" name="deletetwitter" time="0.003"/>
  <testcase classname="rahushettyacademy.com.maven_selenium_java.RestApiTest" name="postjira" time="0.002"/>
  <testcase classname="rahushettyacademy.com.maven_selenium_java.Appiumtest" name="Iosapps" time="0.003"/>
  <testcase classname="rahushettyacademy.com.maven_selenium_java.Appiumtest" name="nativeappAndroid" time="0.003"/>
</testsuite> <!-- Default test -->
