<?xml version="1.0" encoding="UTF-8"?>
<!-- Generated by org.testng.reporters.JUnitXMLReporter -->
<testsuite ignored="0" hostname="LAPTOP-LT7AEDLA" failures="0" tests="4" name="Test" time="0.077" errors="0" timestamp="2021-07-03T14:41:00 IST">
  <testcase classname="rahushettyacademy.com.maven_selenium_java.AppiumTest" name="Iosapps" time="0.007"/>
  <testcase classname="rahushettyacademy.com.maven_selenium_java.AppiumTest" name="nativeappAndroid" time="0.0"/>
  <testcase classname="rahushettyacademy.com.maven_selenium_java.SeleniumTest" name="Browserautomation" time="0.0"/>
  <testcase classname="rahushettyacademy.com.maven_selenium_java.SeleniumTest" name="ElementsUi" time="0.0"/>
</testsuite> <!-- Test -->
