<?xml version="1.0" encoding="UTF-8"?>
<testng-results ignored="0" total="4" passed="4" failed="0" skipped="0">
  <reporter-output>
  </reporter-output>
  <suite started-at="2021-07-03T14:41:00 IST" name="Suite" finished-at="2021-07-03T14:41:00 IST" duration-ms="77">
    <groups>
    </groups>
    <test started-at="2021-07-03T14:41:00 IST" name="Test" finished-at="2021-07-03T14:41:00 IST" duration-ms="77">
      <class name="rahushettyacademy.com.maven_selenium_java.SeleniumTest">
        <test-method signature="Browserautomation()[pri:0, instance:rahushettyacademy.com.maven_selenium_java.SeleniumTest@7ea37dbf]" started-at="2021-07-03T14:41:00 IST" name="Browserautomation" finished-at="2021-07-03T14:41:00 IST" duration-ms="0" status="PASS">
          <reporter-output>
          </reporter-output>
        </test-method> <!-- Browserautomation -->
        <test-method signature="ElementsUi()[pri:0, instance:rahushettyacademy.com.maven_selenium_java.SeleniumTest@7ea37dbf]" started-at="2021-07-03T14:41:00 IST" name="ElementsUi" finished-at="2021-07-03T14:41:00 IST" duration-ms="0" status="PASS">
          <reporter-output>
          </reporter-output>
        </test-method> <!-- ElementsUi -->
      </class> <!-- rahushettyacademy.com.maven_selenium_java.SeleniumTest -->
      <class name="rahushettyacademy.com.maven_selenium_java.AppiumTest">
        <test-method signature="Iosapps()[pri:0, instance:rahushettyacademy.com.maven_selenium_java.AppiumTest@19d37183]" started-at="2021-07-03T14:41:00 IST" name="Iosapps" finished-at="2021-07-03T14:41:00 IST" duration-ms="7" status="PASS">
          <reporter-output>
          </reporter-output>
        </test-method> <!-- Iosapps -->
        <test-method signature="nativeappAndroid()[pri:0, instance:rahushettyacademy.com.maven_selenium_java.AppiumTest@19d37183]" started-at="2021-07-03T14:41:00 IST" name="nativeappAndroid" finished-at="2021-07-03T14:41:00 IST" duration-ms="0" status="PASS">
          <reporter-output>
          </reporter-output>
        </test-method> <!-- nativeappAndroid -->
      </class> <!-- rahushettyacademy.com.maven_selenium_java.AppiumTest -->
    </test> <!-- Test -->
  </suite> <!-- Suite -->
</testng-results>
