<?xml version="1.0" encoding="UTF-8"?>
<testng-results ignored="0" total="6" passed="6" failed="0" skipped="0">
  <reporter-output>
  </reporter-output>
  <suite started-at="2021-06-26T14:02:41 IST" name="Default suite" finished-at="2021-06-26T14:02:41 IST" duration-ms="117">
    <groups>
    </groups>
    <test started-at="2021-06-26T14:02:41 IST" name="Default test" finished-at="2021-06-26T14:02:41 IST" duration-ms="117">
      <class name="rahushettyacademy.com.maven_selenium_java.SeleniumTest">
        <test-method signature="Browserautomation()[pri:0, instance:rahushettyacademy.com.maven_selenium_java.SeleniumTest@57c758ac]" started-at="2021-06-26T14:02:41 IST" name="Browserautomation" finished-at="2021-06-26T14:02:41 IST" duration-ms="14" status="PASS">
          <reporter-output>
          </reporter-output>
        </test-method> <!-- Browserautomation -->
        <test-method signature="ElementsUi()[pri:0, instance:rahushettyacademy.com.maven_selenium_java.SeleniumTest@57c758ac]" started-at="2021-06-26T14:02:41 IST" name="ElementsUi" finished-at="2021-06-26T14:02:41 IST" duration-ms="2" status="PASS">
          <reporter-output>
          </reporter-output>
        </test-method> <!-- ElementsUi -->
      </class> <!-- rahushettyacademy.com.maven_selenium_java.SeleniumTest -->
      <class name="rahushettyacademy.com.maven_selenium_java.RestApiTest">
        <test-method signature="deletetwitter()[pri:0, instance:rahushettyacademy.com.maven_selenium_java.RestApiTest@5e82df6a]" started-at="2021-06-26T14:02:41 IST" name="deletetwitter" finished-at="2021-06-26T14:02:41 IST" duration-ms="3" status="PASS">
          <reporter-output>
          </reporter-output>
        </test-method> <!-- deletetwitter -->
        <test-method signature="postjira()[pri:0, instance:rahushettyacademy.com.maven_selenium_java.RestApiTest@5e82df6a]" started-at="2021-06-26T14:02:41 IST" name="postjira" finished-at="2021-06-26T14:02:41 IST" duration-ms="2" status="PASS">
          <reporter-output>
          </reporter-output>
        </test-method> <!-- postjira -->
      </class> <!-- rahushettyacademy.com.maven_selenium_java.RestApiTest -->
      <class name="rahushettyacademy.com.maven_selenium_java.Appiumtest">
        <test-method signature="Iosapps()[pri:0, instance:rahushettyacademy.com.maven_selenium_java.Appiumtest@3f197a46]" started-at="2021-06-26T14:02:41 IST" name="Iosapps" finished-at="2021-06-26T14:02:41 IST" duration-ms="3" status="PASS">
          <reporter-output>
          </reporter-output>
        </test-method> <!-- Iosapps -->
        <test-method signature="nativeappAndroid()[pri:0, instance:rahushettyacademy.com.maven_selenium_java.Appiumtest@3f197a46]" started-at="2021-06-26T14:02:41 IST" name="nativeappAndroid" finished-at="2021-06-26T14:02:41 IST" duration-ms="3" status="PASS">
          <reporter-output>
          </reporter-output>
        </test-method> <!-- nativeappAndroid -->
      </class> <!-- rahushettyacademy.com.maven_selenium_java.Appiumtest -->
    </test> <!-- Default test -->
  </suite> <!-- Default suite -->
</testng-results>
